<?xml version="1.0" encoding="UTF-8"?>
<testsuite name="br.com.pact.accountservice.contract.consumer.AccountConsumerContractTest" tests="1" skipped="0" failures="0" errors="0" timestamp="2021-02-23T00:11:26" hostname="Viniciuss-MBP" time="1.083">
  <properties/>
  <testcase name="verifyCreateAccountMessage(List)" classname="br.com.pact.accountservice.contract.consumer.AccountConsumerContractTest" time="1.083"/>
  <system-out><![CDATA[2021-02-22 21:11:26.413 [Test worker] DEBUG i.m.i.i.AbstractMockFactory - Creating mockk for AccountService name=#1
2021-02-22 21:11:26.928 [Test worker] DEBUG a.c.d.p.c.junit5.PactConsumerTestExt - Found @PactTestFor annotation on test class
2021-02-22 21:11:26.933 [Test worker] DEBUG a.c.d.p.c.junit5.PactConsumerTestExt - providerInfo = ProviderInfo(providerName=signup-service, hostInterface=, port=, pactVersion=null, providerType=ASYNCH)
2021-02-22 21:11:26.945 [Test worker] DEBUG a.c.d.p.c.junit5.PactConsumerTestExt - Looking for first @Pact method for provider 'signup-service'
2021-02-22 21:11:26.952 [Test worker] DEBUG a.c.d.p.c.junit5.PactConsumerTestExt - Invoking method 'createAccountMessage' to get Pact for the test 'verifyCreateAccountMessage'
2021-02-22 21:11:27.751 [Test worker] DEBUG i.m.i.i.AbstractMockFactory - Creating mockk for Account name=child of #1#2
2021-02-22 21:11:27.868 [Test worker] DEBUG i.m.i.r.states.AnsweringState - Answering br.com.pact.accountservice.account.core.Account@116c891c on AccountService(#1).create(e2490de5-5bd3-43d5-b7c4-526e33f71304)
2021-02-22 21:11:27.901 [Test worker] DEBUG a.c.d.p.c.junit5.PactConsumerTestExt - Writing pact account-service -> signup-service to file build/pacts/account-service-signup-service.json
]]></system-out>
  <system-err><![CDATA[]]></system-err>
</testsuite>
